0 info it worked if it ends with ok
1 verbose cli [ '/usr/local/bin/node',
1 verbose cli   '/usr/local/bin/npm',
1 verbose cli   'install',
1 verbose cli   'bootstrap@4.0.0-alpha.6',
1 verbose cli   '--save' ]
2 info using npm@2.15.9
3 info using node@v4.5.0
4 verbose install initial load of /Users/Ali/Desktop/personalwebsite/AlistairHopkins/package.json
5 verbose installManyTop reading scoped package data from /Users/Ali/Desktop/personalwebsite/AlistairHopkins/node_modules/autoprefixer-stylus/package.json
6 verbose installManyTop reading scoped package data from /Users/Ali/Desktop/personalwebsite/AlistairHopkins/node_modules/babel-eslint/package.json
7 verbose installManyTop reading scoped package data from /Users/Ali/Desktop/personalwebsite/AlistairHopkins/node_modules/bootstrap/package.json
8 verbose installManyTop reading scoped package data from /Users/Ali/Desktop/personalwebsite/AlistairHopkins/node_modules/concurrently/package.json
9 verbose installManyTop reading scoped package data from /Users/Ali/Desktop/personalwebsite/AlistairHopkins/node_modules/eslint/package.json
10 verbose installManyTop reading scoped package data from /Users/Ali/Desktop/personalwebsite/AlistairHopkins/node_modules/eslint-plugin-flowtype/package.json
11 verbose installManyTop reading scoped package data from /Users/Ali/Desktop/personalwebsite/AlistairHopkins/node_modules/eslint-plugin-jsx-a11y/package.json
12 verbose installManyTop reading scoped package data from /Users/Ali/Desktop/personalwebsite/AlistairHopkins/node_modules/eslint-plugin-react/package.json
13 verbose installManyTop reading scoped package data from /Users/Ali/Desktop/personalwebsite/AlistairHopkins/node_modules/grainy/package.json
14 verbose installManyTop reading scoped package data from /Users/Ali/Desktop/personalwebsite/AlistairHopkins/node_modules/history/package.json
15 verbose installManyTop reading scoped package data from /Users/Ali/Desktop/personalwebsite/AlistairHopkins/node_modules/re-base/package.json
16 verbose installManyTop reading scoped package data from /Users/Ali/Desktop/personalwebsite/AlistairHopkins/node_modules/react/package.json
17 verbose installManyTop reading scoped package data from /Users/Ali/Desktop/personalwebsite/AlistairHopkins/node_modules/react-addons-css-transition-group/package.json
18 verbose installManyTop reading scoped package data from /Users/Ali/Desktop/personalwebsite/AlistairHopkins/node_modules/react-addons-transition-group/package.json
19 verbose installManyTop reading scoped package data from /Users/Ali/Desktop/personalwebsite/AlistairHopkins/node_modules/react-dom/package.json
20 verbose installManyTop reading scoped package data from /Users/Ali/Desktop/personalwebsite/AlistairHopkins/node_modules/react-router/package.json
21 verbose installManyTop reading scoped package data from /Users/Ali/Desktop/personalwebsite/AlistairHopkins/node_modules/react-scripts/package.json
22 verbose installManyTop reading scoped package data from /Users/Ali/Desktop/personalwebsite/AlistairHopkins/node_modules/reactstrap/package.json
23 verbose installManyTop reading scoped package data from /Users/Ali/Desktop/personalwebsite/AlistairHopkins/node_modules/stylus/package.json
24 info package.json re-base@2.2.0 No license field.
25 info package.json grainy@1.0.7 No repository field.
26 verbose readDependencies loading dependencies from /Users/Ali/Desktop/personalwebsite/AlistairHopkins/package.json
27 silly cache add args [ 'bootstrap@4.0.0-alpha.6', null ]
28 verbose cache add spec bootstrap@4.0.0-alpha.6
29 silly cache add parsed spec Result {
29 silly cache add   raw: 'bootstrap@4.0.0-alpha.6',
29 silly cache add   scope: null,
29 silly cache add   name: 'bootstrap',
29 silly cache add   rawSpec: '4.0.0-alpha.6',
29 silly cache add   spec: '4.0.0-alpha.6',
29 silly cache add   type: 'version' }
30 silly addNamed bootstrap@4.0.0-alpha.6
31 verbose addNamed "4.0.0-alpha.6" is a plain semver version for bootstrap
32 silly mapToRegistry name bootstrap
33 silly mapToRegistry using default registry
34 silly mapToRegistry registry https://registry.npmjs.org/
35 silly mapToRegistry data Result {
35 silly mapToRegistry   raw: 'bootstrap',
35 silly mapToRegistry   scope: null,
35 silly mapToRegistry   name: 'bootstrap',
35 silly mapToRegistry   rawSpec: '',
35 silly mapToRegistry   spec: 'latest',
35 silly mapToRegistry   type: 'tag' }
36 silly mapToRegistry uri https://registry.npmjs.org/bootstrap
37 verbose addNameVersion registry:https://registry.npmjs.org/bootstrap not in flight; fetching
38 verbose request uri https://registry.npmjs.org/bootstrap
39 verbose request no auth needed
40 info attempt registry request try #1 at 11:15:45 AM
41 verbose request id b33119ce9d9556ef
42 verbose etag W/"5902590a-c6c8"
43 verbose lastModified Thu, 27 Apr 2017 20:48:10 GMT
44 http request GET https://registry.npmjs.org/bootstrap
45 http 304 https://registry.npmjs.org/bootstrap
46 verbose headers { date: 'Mon, 08 May 2017 10:15:44 GMT',
46 verbose headers   via: '1.1 varnish',
46 verbose headers   'cache-control': 'max-age=300',
46 verbose headers   etag: 'W/"5902590a-c6c8"',
46 verbose headers   age: '215',
46 verbose headers   connection: 'keep-alive',
46 verbose headers   'x-served-by': 'cache-lhr6339-LHR',
46 verbose headers   'x-cache': 'HIT',
46 verbose headers   'x-cache-hits': '1',
46 verbose headers   'x-timer': 'S1494238545.775709,VS0,VE0',
46 verbose headers   vary: 'Accept-Encoding' }
47 silly get cb [ 304,
47 silly get   { date: 'Mon, 08 May 2017 10:15:44 GMT',
47 silly get     via: '1.1 varnish',
47 silly get     'cache-control': 'max-age=300',
47 silly get     etag: 'W/"5902590a-c6c8"',
47 silly get     age: '215',
47 silly get     connection: 'keep-alive',
47 silly get     'x-served-by': 'cache-lhr6339-LHR',
47 silly get     'x-cache': 'HIT',
47 silly get     'x-cache-hits': '1',
47 silly get     'x-timer': 'S1494238545.775709,VS0,VE0',
47 silly get     vary: 'Accept-Encoding' } ]
48 verbose etag https://registry.npmjs.org/bootstrap from cache
49 verbose get saving bootstrap to /Users/Ali/.npm/registry.npmjs.org/bootstrap/.cache.json
50 verbose correctMkdir /Users/Ali/.npm correctMkdir not in flight; initializing
51 silly cache afterAdd bootstrap@4.0.0-alpha.6
52 verbose afterAdd /Users/Ali/.npm/bootstrap/4.0.0-alpha.6/package/package.json not in flight; writing
53 verbose correctMkdir /Users/Ali/.npm correctMkdir not in flight; initializing
54 verbose afterAdd /Users/Ali/.npm/bootstrap/4.0.0-alpha.6/package/package.json written
55 silly install resolved [ { name: 'bootstrap',
55 silly install resolved     description: 'The most popular front-end framework for developing responsive, mobile first projects on the web.',
55 silly install resolved     version: '4.0.0-alpha.6',
55 silly install resolved     keywords:
55 silly install resolved      [ 'css',
55 silly install resolved        'sass',
55 silly install resolved        'mobile-first',
55 silly install resolved        'responsive',
55 silly install resolved        'front-end',
55 silly install resolved        'framework',
55 silly install resolved        'web' ],
55 silly install resolved     homepage: 'https://getbootstrap.com',
55 silly install resolved     author:
55 silly install resolved      { name: 'The Bootstrap Authors',
55 silly install resolved        url: 'https://github.com/twbs/bootstrap/graphs/contributors' },
55 silly install resolved     contributors: [ [Object] ],
55 silly install resolved     scripts:
55 silly install resolved      { 'change-version': 'node grunt/change-version.js',
55 silly install resolved        'clean-css': 'cleancss --skip-advanced --source-map --output dist/css/bootstrap.min.css dist/css/bootstrap.css && cleancss --skip-advanced --source-map --output dist/css/bootstrap-grid.min.css dist/css/bootstrap-grid.css && cleancss --skip-advanced --source-map --output dist/css/bootstrap-reboot.min.css dist/css/bootstrap-reboot.css',
55 silly install resolved        'clean-css-docs': 'cleancss --skip-advanced --source-map --output docs/assets/css/docs.min.css docs/assets/css/docs.min.css',
55 silly install resolved        eslint: 'eslint --ignore-path .eslintignore js && eslint --config js/tests/.eslintrc.json --env node grunt Gruntfile.js && eslint --config js/tests/.eslintrc.json docs/assets/js/src docs/assets/js/ie-emulation-modes-warning.js docs/assets/js/ie10-viewport-bug-workaround.js',
55 silly install resolved        htmlhint: 'htmlhint --config docs/.htmlhintrc _gh_pages/',
55 silly install resolved        postcss: 'postcss --config grunt/postcss.js --replace dist/css/*.css',
55 silly install resolved        'postcss-docs': 'postcss --config grunt/postcss.js --no-map --replace docs/assets/css/docs.min.css && postcss --config grunt/postcss.js --no-map --replace docs/examples/**/*.css',
55 silly install resolved        sass: 'node-sass --output-style expanded --source-map true --precision 6 scss/bootstrap.scss dist/css/bootstrap.css && node-sass --output-style expanded --source-map true --precision 6 scss/bootstrap-grid.scss dist/css/bootstrap-grid.css && node-sass --output-style expanded --source-map true --precision 6 scss/bootstrap-reboot.scss dist/css/bootstrap-reboot.css',
55 silly install resolved        'sass-docs': 'node-sass --output-style expanded --source-map true --precision 6 docs/assets/scss/docs.scss docs/assets/css/docs.min.css',
55 silly install resolved        'scss-lint': 'bundle exec scss-lint --config scss/.scss-lint.yml --exclude scss/_normalize.scss scss/*.scss',
55 silly install resolved        'scss-lint-docs': 'bundle exec scss-lint --config scss/.scss-lint.yml --exclude docs/assets/scss/docs.scss docs/assets/scss/*.scss',
55 silly install resolved        uglify: 'uglifyjs --compress warnings=false --mangle --comments \'/^!/\' --output dist/js/bootstrap.min.js dist/js/bootstrap.js',
55 silly install resolved        'uglify-docs': 'uglifyjs --compress warnings=false --mangle --comments \'/^!/\' --output docs/assets/js/docs.min.js docs/assets/js/vendor/*.js docs/assets/js/src/application.js',
55 silly install resolved        'update-shrinkwrap': 'npm shrinkwrap --dev && shx mv ./npm-shrinkwrap.json ./grunt/npm-shrinkwrap.json',
55 silly install resolved        test: 'npm run eslint && grunt test' },
55 silly install resolved     style: 'dist/css/bootstrap.css',
55 silly install resolved     sass: 'scss/bootstrap.scss',
55 silly install resolved     main: 'dist/js/bootstrap',
55 silly install resolved     repository:
55 silly install resolved      { type: 'git',
55 silly install resolved        url: 'git+https://github.com/twbs/bootstrap.git' },
55 silly install resolved     bugs: { url: 'https://github.com/twbs/bootstrap/issues' },
55 silly install resolved     license: 'MIT',
55 silly install resolved     dependencies: { jquery: '>=1.9.1', tether: '^1.4.0' },
55 silly install resolved     devDependencies:
55 silly install resolved      { autoprefixer: '^6.6.1',
55 silly install resolved        'babel-eslint': '^7.1.1',
55 silly install resolved        'babel-plugin-transform-es2015-modules-strip': '^0.1.0',
55 silly install resolved        'babel-preset-es2015': '^6.18.0',
55 silly install resolved        'clean-css': '^3.4.23',
55 silly install resolved        eslint: '^3.12.2',
55 silly install resolved        grunt: '^1.0.1',
55 silly install resolved        'grunt-babel': '^6.0.0',
55 silly install resolved        'grunt-build-control': '^0.7.1',
55 silly install resolved        'grunt-contrib-clean': '^1.0.0',
55 silly install resolved        'grunt-contrib-compress': '^1.3.0',
55 silly install resolved        'grunt-contrib-concat': '^1.0.1',
55 silly install resolved        'grunt-contrib-connect': '^1.0.2',
55 silly install resolved        'grunt-contrib-copy': '^1.0.0',
55 silly install resolved        'grunt-contrib-qunit': '^1.2.0',
55 silly install resolved        'grunt-contrib-watch': '^1.0.0',
55 silly install resolved        'grunt-exec': '^1.0.1',
55 silly install resolved        'grunt-html': '^8.1.0',
55 silly install resolved        'grunt-jekyll': '^0.4.4',
55 silly install resolved        'grunt-saucelabs': '^9.0.0',
55 silly install resolved        'grunt-stamp': '^0.3.0',
55 silly install resolved        htmlhint: '^0.9.13',
55 silly install resolved        'is-travis': '^1.0.0',
55 silly install resolved        'load-grunt-tasks': '^3.5.2',
55 silly install resolved        'node-sass': '^4.1.1',
55 silly install resolved        'postcss-cli': '^2.6.0',
55 silly install resolved        'postcss-flexbugs-fixes': '^2.1.0',
55 silly install resolved        shelljs: '^0.7.5',
55 silly install resolved        shx: '^0.2.1',
55 silly install resolved        'time-grunt': '^1.4.0',
55 silly install resolved        'uglify-js': '^2.7.5' },
55 silly install resolved     engines: { node: '>=4' },
55 silly install resolved     files:
55 silly install resolved      [ 'dist',
55 silly install resolved        'grunt',
55 silly install resolved        'js/**/*.js',
55 silly install resolved        'scss/**/*.scss',
55 silly install resolved        'Gruntfile.js',
55 silly install resolved        'LICENSE' ],
55 silly install resolved     jspm:
55 silly install resolved      { main: 'js/bootstrap',
55 silly install resolved        directories: [Object],
55 silly install resolved        shim: [Object],
55 silly install resolved        dependencies: [Object] },
55 silly install resolved     gitHead: '65ffb1c3b6e94440812a2e228cb8e8be512652ec',
55 silly install resolved     _id: 'bootstrap@4.0.0-alpha.6',
55 silly install resolved     _shasum: '4f54dd33ac0deac3b28407bc2df7ec608869c9c8',
55 silly install resolved     _from: 'bootstrap@4.0.0-alpha.6',
55 silly install resolved     _npmVersion: '3.8.3',
55 silly install resolved     _nodeVersion: '5.10.0',
55 silly install resolved     _npmUser: { name: 'twbs', email: 'getbootstrap@gmail.com' },
55 silly install resolved     dist:
55 silly install resolved      { shasum: '4f54dd33ac0deac3b28407bc2df7ec608869c9c8',
55 silly install resolved        tarball: 'https://registry.npmjs.org/bootstrap/-/bootstrap-4.0.0-alpha.6.tgz' },
55 silly install resolved     maintainers: [ [Object] ],
55 silly install resolved     _npmOperationalInternal:
55 silly install resolved      { host: 'packages-12-west.internal.npmjs.com',
55 silly install resolved        tmp: 'tmp/bootstrap-4.0.0-alpha.6.tgz_1483723623729_0.6719418407883495' },
55 silly install resolved     directories: {},
55 silly install resolved     _resolved: 'https://registry.npmjs.org/bootstrap/-/bootstrap-4.0.0-alpha.6.tgz',
55 silly install resolved     readme: 'ERROR: No README data found!' } ]
56 info install bootstrap@4.0.0-alpha.6 into /Users/Ali/Desktop/personalwebsite/AlistairHopkins
57 info installOne bootstrap@4.0.0-alpha.6
58 verbose installOne of bootstrap to /Users/Ali/Desktop/personalwebsite/AlistairHopkins not in flight; installing
59 verbose correctMkdir /Users/Ali/.npm/_locks correctMkdir not in flight; initializing
60 verbose lock using /Users/Ali/.npm/_locks/bootstrap-aa73c72949e98894.lock for /Users/Ali/Desktop/personalwebsite/AlistairHopkins/node_modules/bootstrap
61 silly install write writing bootstrap 4.0.0-alpha.6 to /Users/Ali/Desktop/personalwebsite/AlistairHopkins/node_modules/bootstrap
62 verbose unbuild node_modules/bootstrap
63 info preuninstall bootstrap@4.0.0-alpha.6
64 info uninstall bootstrap@4.0.0-alpha.6
65 verbose unbuild rmStuff bootstrap@4.0.0-alpha.6 from /Users/Ali/Desktop/personalwebsite/AlistairHopkins/node_modules
66 info postuninstall bootstrap@4.0.0-alpha.6
67 silly gentlyRm /Users/Ali/Desktop/personalwebsite/AlistairHopkins/node_modules/bootstrap is being purged from base /Users/Ali/Desktop/personalwebsite/AlistairHopkins
68 verbose gentlyRm don't care about contents; nuking /Users/Ali/Desktop/personalwebsite/AlistairHopkins/node_modules/bootstrap
69 silly vacuum-fs purging /Users/Ali/Desktop/personalwebsite/AlistairHopkins/node_modules/bootstrap
70 silly vacuum-fs quitting because other entries in /Users/Ali/Desktop/personalwebsite/AlistairHopkins/node_modules
71 verbose tar unpack /Users/Ali/.npm/bootstrap/4.0.0-alpha.6/package.tgz
72 verbose tar unpacking to /Users/Ali/Desktop/personalwebsite/AlistairHopkins/node_modules/bootstrap
73 silly gentlyRm /Users/Ali/Desktop/personalwebsite/AlistairHopkins/node_modules/bootstrap is being purged
74 verbose gentlyRm don't care about contents; nuking /Users/Ali/Desktop/personalwebsite/AlistairHopkins/node_modules/bootstrap
75 silly gunzTarPerm modes [ '755', '644' ]
76 silly gunzTarPerm extractEntry package.json
77 silly gunzTarPerm extractEntry README.md
78 silly gunzTarPerm extractEntry LICENSE
79 silly gunzTarPerm extractEntry Gruntfile.js
80 silly gunzTarPerm extractEntry CHANGELOG.md
81 silly gunzTarPerm extractEntry dist/css/bootstrap-reboot.min.css
82 silly gunzTarPerm extractEntry dist/css/bootstrap-grid.css
83 silly gunzTarPerm extractEntry dist/css/bootstrap-grid.min.css
84 silly gunzTarPerm extractEntry dist/css/bootstrap-grid.min.css.map
85 silly gunzTarPerm extractEntry dist/css/bootstrap-reboot.css
86 silly gunzTarPerm extractEntry dist/css/bootstrap-reboot.css.map
87 silly gunzTarPerm extractEntry dist/css/bootstrap-grid.css.map
88 silly gunzTarPerm extractEntry dist/css/bootstrap-reboot.min.css.map
89 silly gunzTarPerm extractEntry dist/css/bootstrap.css
90 silly gunzTarPerm extractEntry dist/css/bootstrap.css.map
91 silly gunzTarPerm extractEntry dist/css/bootstrap.min.css
92 silly gunzTarPerm extractEntry dist/css/bootstrap.min.css.map
93 silly gunzTarPerm extractEntry dist/js/bootstrap.js
94 silly gunzTarPerm extractEntry dist/js/bootstrap.min.js
95 silly gunzTarPerm extractEntry grunt/change-version.js
96 silly gunzTarPerm extractEntry grunt/postcss.js
97 silly gunzTarPerm extractEntry grunt/configBridge.json
98 silly gunzTarPerm extractEntry grunt/gcp-key.json.enc
99 silly gunzTarPerm extractEntry grunt/npm-shrinkwrap.json
100 silly gunzTarPerm extractEntry grunt/sauce_browsers.yml
101 silly gunzTarPerm extractEntry grunt/upload-preview.sh
102 silly gunzTarPerm extractEntry js/dist/alert.js
103 silly gunzTarPerm extractEntry js/dist/carousel.js
104 silly gunzTarPerm extractEntry js/dist/collapse.js
105 silly gunzTarPerm extractEntry js/dist/dropdown.js
106 silly gunzTarPerm extractEntry js/dist/button.js
107 silly gunzTarPerm extractEntry js/dist/popover.js
108 silly gunzTarPerm extractEntry js/dist/scrollspy.js
109 silly gunzTarPerm extractEntry js/dist/tab.js
110 silly gunzTarPerm extractEntry js/dist/tooltip.js
111 silly gunzTarPerm extractEntry js/dist/util.js
112 silly gunzTarPerm extractEntry js/dist/modal.js
113 silly gunzTarPerm extractEntry js/src/alert.js
114 silly gunzTarPerm extractEntry js/src/carousel.js
115 silly gunzTarPerm extractEntry js/src/collapse.js
116 silly gunzTarPerm extractEntry js/src/dropdown.js
117 silly gunzTarPerm extractEntry js/src/button.js
118 silly gunzTarPerm extractEntry js/src/popover.js
119 silly gunzTarPerm extractEntry js/src/scrollspy.js
120 silly gunzTarPerm extractEntry js/src/tab.js
121 silly gunzTarPerm extractEntry js/src/tooltip.js
122 silly gunzTarPerm extractEntry js/src/util.js
123 silly gunzTarPerm extractEntry js/src/modal.js
124 silly gunzTarPerm extractEntry js/tests/README.md
125 silly gunzTarPerm extractEntry js/tests/unit/alert.js
126 silly gunzTarPerm extractEntry js/tests/unit/carousel.js
127 silly gunzTarPerm extractEntry js/tests/unit/collapse.js
128 silly gunzTarPerm extractEntry js/tests/unit/dropdown.js
129 silly gunzTarPerm extractEntry js/tests/unit/button.js
130 silly gunzTarPerm extractEntry js/tests/unit/phantom.js
131 silly gunzTarPerm extractEntry js/tests/unit/popover.js
132 silly gunzTarPerm extractEntry js/tests/unit/scrollspy.js
133 silly gunzTarPerm extractEntry js/tests/unit/tab.js
134 silly gunzTarPerm extractEntry js/tests/unit/tooltip.js
135 silly gunzTarPerm extractEntry js/tests/unit/modal.js
136 silly gunzTarPerm extractEntry js/tests/vendor/qunit.js
137 silly gunzTarPerm extractEntry scss/_modal.scss
138 silly gunzTarPerm extractEntry scss/_badge.scss
139 silly gunzTarPerm extractEntry scss/_breadcrumb.scss
140 silly gunzTarPerm extractEntry scss/_button-group.scss
141 silly gunzTarPerm extractEntry scss/_buttons.scss
142 silly gunzTarPerm extractEntry scss/_card.scss
143 silly gunzTarPerm extractEntry scss/_carousel.scss
144 silly gunzTarPerm extractEntry scss/_close.scss
145 silly gunzTarPerm extractEntry scss/_code.scss
146 silly gunzTarPerm extractEntry scss/_custom-forms.scss
147 silly gunzTarPerm extractEntry scss/_custom.scss
148 silly gunzTarPerm extractEntry scss/_dropdown.scss
149 silly gunzTarPerm extractEntry scss/_forms.scss
150 silly gunzTarPerm extractEntry scss/_grid.scss
151 silly gunzTarPerm extractEntry scss/_images.scss
152 silly gunzTarPerm extractEntry scss/_input-group.scss
153 silly gunzTarPerm extractEntry scss/_jumbotron.scss
154 silly gunzTarPerm extractEntry scss/_list-group.scss
155 silly gunzTarPerm extractEntry scss/_media.scss
156 silly gunzTarPerm extractEntry scss/_mixins.scss
157 silly gunzTarPerm extractEntry scss/_alert.scss
158 silly gunzTarPerm extractEntry scss/_nav.scss
159 silly gunzTarPerm extractEntry scss/_navbar.scss
160 silly gunzTarPerm extractEntry scss/_normalize.scss
161 silly gunzTarPerm extractEntry scss/_pagination.scss
162 silly gunzTarPerm extractEntry scss/_popover.scss
163 silly gunzTarPerm extractEntry scss/_print.scss
164 silly gunzTarPerm extractEntry scss/_progress.scss
165 silly gunzTarPerm extractEntry scss/_reboot.scss
166 silly gunzTarPerm extractEntry scss/_responsive-embed.scss
167 silly gunzTarPerm extractEntry scss/_tables.scss
168 silly gunzTarPerm extractEntry scss/_tooltip.scss
169 silly gunzTarPerm extractEntry scss/_transitions.scss
170 silly gunzTarPerm extractEntry scss/_type.scss
171 silly gunzTarPerm extractEntry scss/_utilities.scss
172 silly gunzTarPerm extractEntry scss/_variables.scss
173 silly gunzTarPerm extractEntry scss/bootstrap-grid.scss
174 silly gunzTarPerm extractEntry scss/bootstrap-reboot.scss
175 silly gunzTarPerm extractEntry scss/bootstrap.scss
176 silly gunzTarPerm extractEntry scss/mixins/_list-group.scss
177 silly gunzTarPerm extractEntry scss/mixins/_alert.scss
178 silly gunzTarPerm extractEntry scss/mixins/_badge.scss
179 silly gunzTarPerm extractEntry scss/mixins/_border-radius.scss
180 silly gunzTarPerm extractEntry scss/mixins/_breakpoints.scss
181 silly gunzTarPerm extractEntry scss/mixins/_buttons.scss
182 silly gunzTarPerm extractEntry scss/mixins/_cards.scss
183 silly gunzTarPerm extractEntry scss/mixins/_clearfix.scss
184 silly gunzTarPerm extractEntry scss/mixins/_float.scss
185 silly gunzTarPerm extractEntry scss/mixins/_forms.scss
186 silly gunzTarPerm extractEntry scss/mixins/_gradients.scss
187 silly gunzTarPerm extractEntry scss/mixins/_grid-framework.scss
188 silly gunzTarPerm extractEntry scss/mixins/_grid.scss
189 silly gunzTarPerm extractEntry scss/mixins/_hover.scss
190 silly gunzTarPerm extractEntry scss/mixins/_image.scss
191 silly gunzTarPerm extractEntry scss/mixins/_background-variant.scss
192 silly gunzTarPerm extractEntry scss/mixins/_lists.scss
193 silly gunzTarPerm extractEntry scss/mixins/_nav-divider.scss
194 silly gunzTarPerm extractEntry scss/mixins/_navbar-align.scss
195 silly gunzTarPerm extractEntry scss/mixins/_pagination.scss
196 silly gunzTarPerm extractEntry scss/mixins/_reset-text.scss
197 silly gunzTarPerm extractEntry scss/mixins/_resize.scss
198 silly gunzTarPerm extractEntry scss/mixins/_screen-reader.scss
199 silly gunzTarPerm extractEntry scss/mixins/_size.scss
200 silly gunzTarPerm extractEntry scss/mixins/_table-row.scss
201 silly gunzTarPerm extractEntry scss/mixins/_text-emphasis.scss
202 silly gunzTarPerm extractEntry scss/mixins/_text-hide.scss
203 silly gunzTarPerm extractEntry scss/mixins/_text-truncate.scss
204 silly gunzTarPerm extractEntry scss/mixins/_transforms.scss
205 silly gunzTarPerm extractEntry scss/mixins/_visibility.scss
206 silly gunzTarPerm extractEntry scss/utilities/_float.scss
207 silly gunzTarPerm extractEntry scss/utilities/_align.scss
208 silly gunzTarPerm extractEntry scss/utilities/_borders.scss
209 silly gunzTarPerm extractEntry scss/utilities/_clearfix.scss
210 silly gunzTarPerm extractEntry scss/utilities/_display.scss
211 silly gunzTarPerm extractEntry scss/utilities/_flex.scss
212 silly gunzTarPerm extractEntry scss/utilities/_background.scss
213 silly gunzTarPerm extractEntry scss/utilities/_position.scss
214 silly gunzTarPerm extractEntry scss/utilities/_screenreaders.scss
215 silly gunzTarPerm extractEntry scss/utilities/_sizing.scss
216 silly gunzTarPerm extractEntry scss/utilities/_spacing.scss
217 silly gunzTarPerm extractEntry scss/utilities/_text.scss
218 silly gunzTarPerm extractEntry scss/utilities/_visibility.scss
219 verbose write writing to /Users/Ali/Desktop/personalwebsite/AlistairHopkins/node_modules/bootstrap/package.json
220 info preinstall bootstrap@4.0.0-alpha.6
221 verbose readDependencies loading dependencies from /Users/Ali/Desktop/personalwebsite/AlistairHopkins/node_modules/bootstrap/package.json
222 silly prepareForInstallMany adding jquery@>=1.9.1 from bootstrap dependencies
223 silly prepareForInstallMany adding tether@^1.4.0 from bootstrap dependencies
224 verbose readDependencies loading dependencies from /Users/Ali/Desktop/personalwebsite/AlistairHopkins/node_modules/bootstrap/package.json
225 silly cache add args [ 'jquery@>=1.9.1', null ]
226 verbose cache add spec jquery@>=1.9.1
227 silly cache add parsed spec Result {
227 silly cache add   raw: 'jquery@>=1.9.1',
227 silly cache add   scope: null,
227 silly cache add   name: 'jquery',
227 silly cache add   rawSpec: '>=1.9.1',
227 silly cache add   spec: '>=1.9.1',
227 silly cache add   type: 'range' }
228 silly addNamed jquery@>=1.9.1
229 verbose addNamed ">=1.9.1" is a valid semver range for jquery
230 silly addNameRange { name: 'jquery', range: '>=1.9.1', hasData: false }
231 silly mapToRegistry name jquery
232 silly mapToRegistry using default registry
233 silly mapToRegistry registry https://registry.npmjs.org/
234 silly mapToRegistry data Result {
234 silly mapToRegistry   raw: 'jquery',
234 silly mapToRegistry   scope: null,
234 silly mapToRegistry   name: 'jquery',
234 silly mapToRegistry   rawSpec: '',
234 silly mapToRegistry   spec: 'latest',
234 silly mapToRegistry   type: 'tag' }
235 silly mapToRegistry uri https://registry.npmjs.org/jquery
236 verbose addNameRange registry:https://registry.npmjs.org/jquery not in flight; fetching
237 silly cache add args [ 'tether@^1.4.0', null ]
238 verbose cache add spec tether@^1.4.0
239 silly cache add parsed spec Result {
239 silly cache add   raw: 'tether@^1.4.0',
239 silly cache add   scope: null,
239 silly cache add   name: 'tether',
239 silly cache add   rawSpec: '^1.4.0',
239 silly cache add   spec: '>=1.4.0 <2.0.0',
239 silly cache add   type: 'range' }
240 silly addNamed tether@>=1.4.0 <2.0.0
241 verbose addNamed ">=1.4.0 <2.0.0" is a valid semver range for tether
242 silly addNameRange { name: 'tether', range: '>=1.4.0 <2.0.0', hasData: false }
243 silly mapToRegistry name tether
244 silly mapToRegistry using default registry
245 silly mapToRegistry registry https://registry.npmjs.org/
246 silly mapToRegistry data Result {
246 silly mapToRegistry   raw: 'tether',
246 silly mapToRegistry   scope: null,
246 silly mapToRegistry   name: 'tether',
246 silly mapToRegistry   rawSpec: '',
246 silly mapToRegistry   spec: 'latest',
246 silly mapToRegistry   type: 'tag' }
247 silly mapToRegistry uri https://registry.npmjs.org/tether
248 verbose addNameRange registry:https://registry.npmjs.org/tether not in flight; fetching
249 verbose request uri https://registry.npmjs.org/jquery
250 verbose request no auth needed
251 info attempt registry request try #1 at 11:15:47 AM
252 verbose etag W/"590c8ec3-15f95"
253 verbose lastModified Fri, 05 May 2017 14:40:03 GMT
254 http request GET https://registry.npmjs.org/jquery
255 verbose request uri https://registry.npmjs.org/tether
256 verbose request no auth needed
257 info attempt registry request try #1 at 11:15:47 AM
258 verbose etag W/"58e48368-a845"
259 verbose lastModified Wed, 05 Apr 2017 05:40:56 GMT
260 http request GET https://registry.npmjs.org/tether
261 http 304 https://registry.npmjs.org/jquery
262 verbose headers { date: 'Mon, 08 May 2017 10:15:45 GMT',
262 verbose headers   via: '1.1 varnish',
262 verbose headers   'cache-control': 'max-age=300',
262 verbose headers   etag: 'W/"590c8ec3-15f95"',
262 verbose headers   age: '227',
262 verbose headers   connection: 'keep-alive',
262 verbose headers   'x-served-by': 'cache-lhr6339-LHR',
262 verbose headers   'x-cache': 'HIT',
262 verbose headers   'x-cache-hits': '2',
262 verbose headers   'x-timer': 'S1494238546.795449,VS0,VE0',
262 verbose headers   vary: 'Accept-Encoding' }
263 silly get cb [ 304,
263 silly get   { date: 'Mon, 08 May 2017 10:15:45 GMT',
263 silly get     via: '1.1 varnish',
263 silly get     'cache-control': 'max-age=300',
263 silly get     etag: 'W/"590c8ec3-15f95"',
263 silly get     age: '227',
263 silly get     connection: 'keep-alive',
263 silly get     'x-served-by': 'cache-lhr6339-LHR',
263 silly get     'x-cache': 'HIT',
263 silly get     'x-cache-hits': '2',
263 silly get     'x-timer': 'S1494238546.795449,VS0,VE0',
263 silly get     vary: 'Accept-Encoding' } ]
264 verbose etag https://registry.npmjs.org/jquery from cache
265 verbose get saving jquery to /Users/Ali/.npm/registry.npmjs.org/jquery/.cache.json
266 verbose correctMkdir /Users/Ali/.npm correctMkdir not in flight; initializing
267 silly addNameRange number 2 { name: 'jquery', range: '>=1.9.1', hasData: true }
268 silly addNameRange versions [ 'jquery',
268 silly addNameRange   [ '1.5.1',
268 silly addNameRange     '1.6.2',
268 silly addNameRange     '1.6.3',
268 silly addNameRange     '1.7.2',
268 silly addNameRange     '1.7.3',
268 silly addNameRange     '1.8.2',
268 silly addNameRange     '1.8.3',
268 silly addNameRange     '2.1.0-beta2',
268 silly addNameRange     '2.1.0-beta3',
268 silly addNameRange     '1.11.0-beta3',
268 silly addNameRange     '1.11.0-rc1',
268 silly addNameRange     '2.1.0-rc1',
268 silly addNameRange     '1.11.0',
268 silly addNameRange     '2.1.0',
268 silly addNameRange     '2.1.1-beta1',
268 silly addNameRange     '1.11.1-beta1',
268 silly addNameRange     '2.1.1-rc1',
268 silly addNameRange     '1.11.1-rc1',
268 silly addNameRange     '2.1.1-rc2',
268 silly addNameRange     '1.11.1-rc2',
268 silly addNameRange     '2.1.1',
268 silly addNameRange     '1.11.1',
268 silly addNameRange     '1.9.1',
268 silly addNameRange     '2.1.2',
268 silly addNameRange     '1.11.2',
268 silly addNameRange     '2.1.3',
268 silly addNameRange     '2.1.4',
268 silly addNameRange     '1.11.3',
268 silly addNameRange     '3.0.0-alpha1',
268 silly addNameRange     '1.12.0',
268 silly addNameRange     '2.2.0',
268 silly addNameRange     '3.0.0-beta1',
268 silly addNameRange     '1.12.1',
268 silly addNameRange     '2.2.1',
268 silly addNameRange     '1.12.2',
268 silly addNameRange     '2.2.2',
268 silly addNameRange     '1.12.3',
268 silly addNameRange     '2.2.3',
268 silly addNameRange     '1.12.4',
268 silly addNameRange     '2.2.4',
268 silly addNameRange     '3.0.0-rc1',
268 silly addNameRange     '3.0.0',
268 silly addNameRange     '3.1.0',
268 silly addNameRange     '3.1.1',
268 silly addNameRange     '3.2.0',
268 silly addNameRange     '3.2.1' ] ]
269 silly addNamed jquery@3.2.1
270 verbose addNamed "3.2.1" is a plain semver version for jquery
271 http 304 https://registry.npmjs.org/tether
272 verbose headers { date: 'Mon, 08 May 2017 10:15:45 GMT',
272 verbose headers   via: '1.1 varnish',
272 verbose headers   'cache-control': 'max-age=300',
272 verbose headers   etag: 'W/"58e48368-a845"',
272 verbose headers   age: '247',
272 verbose headers   connection: 'keep-alive',
272 verbose headers   'x-served-by': 'cache-lhr6344-LHR',
272 verbose headers   'x-cache': 'HIT',
272 verbose headers   'x-cache-hits': '1',
272 verbose headers   'x-timer': 'S1494238546.855085,VS0,VE0',
272 verbose headers   vary: 'Accept-Encoding' }
273 silly get cb [ 304,
273 silly get   { date: 'Mon, 08 May 2017 10:15:45 GMT',
273 silly get     via: '1.1 varnish',
273 silly get     'cache-control': 'max-age=300',
273 silly get     etag: 'W/"58e48368-a845"',
273 silly get     age: '247',
273 silly get     connection: 'keep-alive',
273 silly get     'x-served-by': 'cache-lhr6344-LHR',
273 silly get     'x-cache': 'HIT',
273 silly get     'x-cache-hits': '1',
273 silly get     'x-timer': 'S1494238546.855085,VS0,VE0',
273 silly get     vary: 'Accept-Encoding' } ]
274 verbose etag https://registry.npmjs.org/tether from cache
275 verbose get saving tether to /Users/Ali/.npm/registry.npmjs.org/tether/.cache.json
276 verbose correctMkdir /Users/Ali/.npm correctMkdir not in flight; initializing
277 silly cache afterAdd jquery@3.2.1
278 verbose afterAdd /Users/Ali/.npm/jquery/3.2.1/package/package.json not in flight; writing
279 verbose correctMkdir /Users/Ali/.npm correctMkdir not in flight; initializing
280 verbose afterAdd /Users/Ali/.npm/jquery/3.2.1/package/package.json written
281 silly addNameRange number 2 { name: 'tether', range: '>=1.4.0 <2.0.0', hasData: true }
282 silly addNameRange versions [ 'tether',
282 silly addNameRange   [ '0.5.2',
282 silly addNameRange     '0.6.5',
282 silly addNameRange     '0.7.1',
282 silly addNameRange     '0.7.2',
282 silly addNameRange     '1.0.0',
282 silly addNameRange     '1.0.1',
282 silly addNameRange     '1.0.2',
282 silly addNameRange     '1.0.3',
282 silly addNameRange     '1.1.0',
282 silly addNameRange     '1.1.1',
282 silly addNameRange     '1.2.0',
282 silly addNameRange     '1.2.2',
282 silly addNameRange     '1.2.3',
282 silly addNameRange     '1.3.0',
282 silly addNameRange     '1.3.1',
282 silly addNameRange     '1.2.4',
282 silly addNameRange     '1.3.2',
282 silly addNameRange     '1.3.3',
282 silly addNameRange     '1.3.4',
282 silly addNameRange     '1.3.5',
282 silly addNameRange     '1.3.6',
282 silly addNameRange     '1.3.7',
282 silly addNameRange     '1.3.8',
282 silly addNameRange     '1.3.9',
282 silly addNameRange     '1.4.0' ] ]
283 silly addNamed tether@1.4.0
284 verbose addNamed "1.4.0" is a plain semver version for tether
285 silly cache afterAdd tether@1.4.0
286 verbose afterAdd /Users/Ali/.npm/tether/1.4.0/package/package.json not in flight; writing
287 verbose correctMkdir /Users/Ali/.npm correctMkdir not in flight; initializing
288 verbose afterAdd /Users/Ali/.npm/tether/1.4.0/package/package.json written
289 silly install resolved [ { name: 'jquery',
289 silly install resolved     title: 'jQuery',
289 silly install resolved     description: 'JavaScript library for DOM operations',
289 silly install resolved     version: '3.2.1',
289 silly install resolved     main: 'dist/jquery.js',
289 silly install resolved     homepage: 'https://jquery.com',
289 silly install resolved     author:
289 silly install resolved      { name: 'JS Foundation and other contributors',
289 silly install resolved        url: 'https://github.com/jquery/jquery/blob/3.2.1/AUTHORS.txt' },
289 silly install resolved     repository: { type: 'git', url: 'git+https://github.com/jquery/jquery.git' },
289 silly install resolved     keywords: [ 'jquery', 'javascript', 'browser', 'library' ],
289 silly install resolved     bugs: { url: 'https://github.com/jquery/jquery/issues' },
289 silly install resolved     license: 'MIT',
289 silly install resolved     dependencies: {},
289 silly install resolved     devDependencies:
289 silly install resolved      { 'babel-preset-es2015': '6.6.0',
289 silly install resolved        commitplease: '2.6.1',
289 silly install resolved        'core-js': '2.2.2',
289 silly install resolved        'cross-spawn': '2.2.3',
289 silly install resolved        'eslint-config-jquery': '1.0.0',
289 silly install resolved        grunt: '1.0.1',
289 silly install resolved        'grunt-babel': '6.0.0',
289 silly install resolved        'grunt-cli': '1.2.0',
289 silly install resolved        'grunt-compare-size': '0.4.2',
289 silly install resolved        'grunt-contrib-uglify': '1.0.1',
289 silly install resolved        'grunt-contrib-watch': '1.0.0',
289 silly install resolved        'grunt-eslint': '19.0.0',
289 silly install resolved        'grunt-git-authors': '3.2.0',
289 silly install resolved        'grunt-jsonlint': '1.0.7',
289 silly install resolved        'grunt-newer': '1.2.0',
289 silly install resolved        'grunt-npmcopy': '0.1.0',
289 silly install resolved        'gzip-js': '0.3.2',
289 silly install resolved        husky: '0.11.4',
289 silly install resolved        insight: '0.8.1',
289 silly install resolved        jsdom: '5.6.1',
289 silly install resolved        'load-grunt-tasks': '3.5.0',
289 silly install resolved        'native-promise-only': '0.8.1',
289 silly install resolved        'promises-aplus-tests': '2.1.2',
289 silly install resolved        q: '1.4.1',
289 silly install resolved        'qunit-assert-step': '1.0.3',
289 silly install resolved        qunitjs: '1.23.1',
289 silly install resolved        requirejs: '2.2.0',
289 silly install resolved        sinon: '1.17.3',
289 silly install resolved        sizzle: '2.3.3',
289 silly install resolved        'strip-json-comments': '2.0.1',
289 silly install resolved        testswarm: '1.1.0' },
289 silly install resolved     scripts:
289 silly install resolved      { build: 'npm install && grunt',
289 silly install resolved        start: 'grunt watch',
289 silly install resolved        test: 'grunt && grunt test:slow',
289 silly install resolved        precommit: 'grunt lint:newer',
289 silly install resolved        commitmsg: 'node node_modules/commitplease' },
289 silly install resolved     commitplease:
289 silly install resolved      { nohook: true,
289 silly install resolved        components: [Object],
289 silly install resolved        markerPattern: '^((clos|fix|resolv)(e[sd]|ing))|^(refs?)',
289 silly install resolved        ticketPattern: '^((Closes|Fixes) ([a-zA-Z]{2,}-)[0-9]+)|^(Refs? [^#])' },
289 silly install resolved     gitHead: '77d2a51d0520d2ee44173afdf4e40a9201f5964e',
289 silly install resolved     _id: 'jquery@3.2.1',
289 silly install resolved     _shasum: '5c4d9de652af6cd0a770154a631bba12b015c787',
289 silly install resolved     _from: 'jquery@>=1.9.1',
289 silly install resolved     _npmVersion: '4.4.4',
289 silly install resolved     _nodeVersion: '7.7.3',
289 silly install resolved     _npmUser: { name: 'timmywil', email: '4timmywil@gmail.com' },
289 silly install resolved     dist:
289 silly install resolved      { shasum: '5c4d9de652af6cd0a770154a631bba12b015c787',
289 silly install resolved        tarball: 'https://registry.npmjs.org/jquery/-/jquery-3.2.1.tgz' },
289 silly install resolved     maintainers: [ [Object], [Object], [Object], [Object] ],
289 silly install resolved     _npmOperationalInternal:
289 silly install resolved      { host: 'packages-12-west.internal.npmjs.com',
289 silly install resolved        tmp: 'tmp/jquery-3.2.1.tgz_1490036530067_0.19497186387889087' },
289 silly install resolved     directories: {},
289 silly install resolved     _resolved: 'https://registry.npmjs.org/jquery/-/jquery-3.2.1.tgz',
289 silly install resolved     readme: 'ERROR: No README data found!' },
289 silly install resolved   { name: 'tether',
289 silly install resolved     version: '1.4.0',
289 silly install resolved     description: 'A client-side library to make absolutely positioned elements attach to elements in the page efficiently.',
289 silly install resolved     authors:
289 silly install resolved      [ 'Zack Bloom <zackbloom@gmail.com>',
289 silly install resolved        'Adam Schwartz <adam.flynn.schwartz@gmail.com>' ],
289 silly install resolved     maintainers: [ [Object], [Object], [Object] ],
289 silly install resolved     scripts:
289 silly install resolved      { reinstall: 'del node_modules && npm install',
289 silly install resolved        watch: 'gulp watch',
289 silly install resolved        build: 'gulp build' },
289 silly install resolved     repository:
289 silly install resolved      { type: 'git',
289 silly install resolved        url: 'git+https://github.com/HubSpot/tether.git' },
289 silly install resolved     license: 'MIT',
289 silly install resolved     main: 'dist/js/tether.js',
289 silly install resolved     devDependencies:
289 silly install resolved      { del: '^2.0.2',
289 silly install resolved        'del-cli': '^0.2.0',
289 silly install resolved        gulp: '^3.9.0',
289 silly install resolved        'gulp-autoprefixer': '^3.0.1',
289 silly install resolved        'gulp-babel': '^5.2.1',
289 silly install resolved        'gulp-bump': '^0.3.1',
289 silly install resolved        'gulp-concat': '^2.6.0',
289 silly install resolved        'gulp-header': '^1.7.1',
289 silly install resolved        'gulp-minify-css': '^1.2.1',
289 silly install resolved        'gulp-plumber': '^1.0.1',
289 silly install resolved        'gulp-rename': '^1.2.2',
289 silly install resolved        'gulp-sass': '^2.0.4',
289 silly install resolved        'gulp-uglify': '^1.4.1',
289 silly install resolved        'gulp-wrap-umd': '^0.2.1' },
289 silly install resolved     gitHead: '3d7119e590661f8c9e9e566c8a7640c189687215',
289 silly install resolved     bugs: { url: 'https://github.com/HubSpot/tether/issues' },
289 silly install resolved     homepage: 'https://github.com/HubSpot/tether#readme',
289 silly install resolved     _id: 'tether@1.4.0',
289 silly install resolved     _shasum: '0f9fa171f75bf58485d8149e94799d7ae74d1c1a',
289 silly install resolved     _from: 'tether@>=1.4.0 <2.0.0',
289 silly install resolved     _npmVersion: '3.10.8',
289 silly install resolved     _nodeVersion: '6.9.1',
289 silly install resolved     _npmUser: { name: 'hs', email: 'devteam@hubspot.com' },
289 silly install resolved     dist:
289 silly install resolved      { shasum: '0f9fa171f75bf58485d8149e94799d7ae74d1c1a',
289 silly install resolved        tarball: 'https://registry.npmjs.org/tether/-/tether-1.4.0.tgz' },
289 silly install resolved     _npmOperationalInternal:
289 silly install resolved      { host: 'packages-12-west.internal.npmjs.com',
289 silly install resolved        tmp: 'tmp/tether-1.4.0.tgz_1480717376793_0.8611385466065258' },
289 silly install resolved     directories: {},
289 silly install resolved     _resolved: 'https://registry.npmjs.org/tether/-/tether-1.4.0.tgz',
289 silly install resolved     readme: 'ERROR: No README data found!' } ]
290 info install jquery@3.2.1 into /Users/Ali/Desktop/personalwebsite/AlistairHopkins/node_modules/bootstrap
291 info install tether@1.4.0 into /Users/Ali/Desktop/personalwebsite/AlistairHopkins/node_modules/bootstrap
292 info installOne jquery@3.2.1
293 verbose installOne of jquery to /Users/Ali/Desktop/personalwebsite/AlistairHopkins/node_modules/bootstrap not in flight; installing
294 verbose correctMkdir /Users/Ali/.npm/_locks correctMkdir not in flight; initializing
295 info installOne tether@1.4.0
296 verbose installOne of tether to /Users/Ali/Desktop/personalwebsite/AlistairHopkins/node_modules/bootstrap not in flight; installing
297 verbose correctMkdir /Users/Ali/.npm/_locks correctMkdir not in flight; initializing
298 verbose lock using /Users/Ali/.npm/_locks/jquery-4736842791b0a001.lock for /Users/Ali/Desktop/personalwebsite/AlistairHopkins/node_modules/bootstrap/node_modules/jquery
299 verbose lock using /Users/Ali/.npm/_locks/tether-935e882a59e00636.lock for /Users/Ali/Desktop/personalwebsite/AlistairHopkins/node_modules/bootstrap/node_modules/tether
300 silly install write writing jquery 3.2.1 to /Users/Ali/Desktop/personalwebsite/AlistairHopkins/node_modules/bootstrap/node_modules/jquery
301 silly install write writing tether 1.4.0 to /Users/Ali/Desktop/personalwebsite/AlistairHopkins/node_modules/bootstrap/node_modules/tether
302 verbose unbuild node_modules/bootstrap/node_modules/jquery
303 verbose unbuild node_modules/bootstrap/node_modules/tether
304 silly gentlyRm /Users/Ali/Desktop/personalwebsite/AlistairHopkins/node_modules/bootstrap/node_modules/jquery is being purged from base /Users/Ali/Desktop/personalwebsite/AlistairHopkins
305 verbose gentlyRm don't care about contents; nuking /Users/Ali/Desktop/personalwebsite/AlistairHopkins/node_modules/bootstrap/node_modules/jquery
306 silly gentlyRm /Users/Ali/Desktop/personalwebsite/AlistairHopkins/node_modules/bootstrap/node_modules/tether is being purged from base /Users/Ali/Desktop/personalwebsite/AlistairHopkins
307 verbose gentlyRm don't care about contents; nuking /Users/Ali/Desktop/personalwebsite/AlistairHopkins/node_modules/bootstrap/node_modules/tether
308 verbose tar unpack /Users/Ali/.npm/jquery/3.2.1/package.tgz
309 verbose tar unpacking to /Users/Ali/Desktop/personalwebsite/AlistairHopkins/node_modules/bootstrap/node_modules/jquery
310 silly gentlyRm /Users/Ali/Desktop/personalwebsite/AlistairHopkins/node_modules/bootstrap/node_modules/jquery is being purged
311 verbose gentlyRm don't care about contents; nuking /Users/Ali/Desktop/personalwebsite/AlistairHopkins/node_modules/bootstrap/node_modules/jquery
312 verbose tar unpack /Users/Ali/.npm/tether/1.4.0/package.tgz
313 verbose tar unpacking to /Users/Ali/Desktop/personalwebsite/AlistairHopkins/node_modules/bootstrap/node_modules/tether
314 silly gentlyRm /Users/Ali/Desktop/personalwebsite/AlistairHopkins/node_modules/bootstrap/node_modules/tether is being purged
315 verbose gentlyRm don't care about contents; nuking /Users/Ali/Desktop/personalwebsite/AlistairHopkins/node_modules/bootstrap/node_modules/tether
316 silly gunzTarPerm modes [ '755', '644' ]
317 silly gunzTarPerm modes [ '755', '644' ]
318 silly gunzTarPerm extractEntry package.json
319 silly gunzTarPerm extractEntry package.json
320 silly gunzTarPerm extractEntry .npmignore
321 silly gunzTarPerm extractEntry README.md
322 silly gunzTarPerm extractEntry README.md
323 silly gunzTarPerm extractEntry AUTHORS.txt
324 silly gunzTarPerm extractEntry LICENSE.txt
325 silly gunzTarPerm extractEntry LICENSE
326 silly gunzTarPerm extractEntry gulpfile.js
327 silly gunzTarPerm extractEntry bower.json
328 silly gunzTarPerm extractEntry bower.json
329 silly gunzTarPerm extractEntry dist/core.js
330 silly gunzTarPerm extractEntry .hsdoc
331 silly gunzTarPerm extractEntry component.json
332 silly gunzTarPerm extractEntry dist/jquery.js
333 silly gunzTarPerm extractEntry dist/jquery.min.js
334 silly gunzTarPerm extractEntry dist/css/tether-theme-arrows-dark.css
335 silly gunzTarPerm extractEntry dist/css/tether-theme-arrows-dark.min.css
336 silly gunzTarPerm extractEntry dist/jquery.slim.js
337 silly gunzTarPerm extractEntry dist/jquery.slim.min.js
338 silly gunzTarPerm extractEntry dist/css/tether-theme-arrows.css
339 silly gunzTarPerm extractEntry dist/css/tether-theme-arrows.min.css
340 silly gunzTarPerm extractEntry dist/jquery.min.map
341 silly gunzTarPerm extractEntry dist/css/tether-theme-basic.css
342 silly gunzTarPerm extractEntry dist/css/tether-theme-basic.min.css
343 silly gunzTarPerm extractEntry dist/jquery.slim.min.map
344 silly gunzTarPerm extractEntry dist/css/tether.css
345 silly gunzTarPerm extractEntry dist/css/tether.min.css
346 silly gunzTarPerm extractEntry external/sizzle/LICENSE.txt
347 silly gunzTarPerm extractEntry external/sizzle/dist/sizzle.js
348 silly gunzTarPerm extractEntry external/sizzle/dist/sizzle.min.js
349 silly gunzTarPerm extractEntry dist/js/tether.js
350 silly gunzTarPerm extractEntry dist/js/tether.min.js
351 silly gunzTarPerm extractEntry external/sizzle/dist/sizzle.min.map
352 silly gunzTarPerm extractEntry src/wrap.js
353 silly gunzTarPerm extractEntry src/core.js
354 silly gunzTarPerm extractEntry src/selector.js
355 silly gunzTarPerm extractEntry docs/1-Overview/1-why_you_should_use_tether.md
356 silly gunzTarPerm extractEntry docs/1-Overview/2-repositioning.md
357 silly gunzTarPerm extractEntry docs/1-Overview/3-why_we_dont_support_IE_8.md
358 silly gunzTarPerm extractEntry docs/2-Examples/1-list_of_examples.md
359 silly gunzTarPerm extractEntry docs/2-Examples/2-projects_using_tether.md
360 silly gunzTarPerm extractEntry docs/3-Advanced/1-embedding_tether.md
361 silly gunzTarPerm extractEntry docs/3-Advanced/2-extending_tether.md
362 silly gunzTarPerm extractEntry docs/coffee/intro.coffee
363 silly gunzTarPerm extractEntry docs/css/intro.css
364 silly gunzTarPerm extractEntry docs/intro.md
365 silly gunzTarPerm extractEntry src/css.js
366 silly gunzTarPerm extractEntry src/selector-sizzle.js
367 silly gunzTarPerm extractEntry src/serialize.js
368 silly gunzTarPerm extractEntry src/selector-native.js
369 silly gunzTarPerm extractEntry src/deferred.js
370 silly gunzTarPerm extractEntry src/deprecated.js
371 silly gunzTarPerm extractEntry docs/js/intro.js
372 silly gunzTarPerm extractEntry docs/js/markAttachment.js
373 silly gunzTarPerm extractEntry src/dimensions.js
374 silly gunzTarPerm extractEntry docs/sass/intro.sass
375 silly gunzTarPerm extractEntry docs/welcome/browser-demo.html
376 silly gunzTarPerm extractEntry docs/welcome/coffee/welcome.coffee
377 silly gunzTarPerm extractEntry docs/welcome/css/browser-demo.css
378 silly gunzTarPerm extractEntry docs/welcome/css/prism.css
379 silly gunzTarPerm extractEntry docs/welcome/css/welcome.css
380 silly gunzTarPerm extractEntry docs/welcome/index.html
381 silly gunzTarPerm extractEntry docs/welcome/js/drop.js
382 silly gunzTarPerm extractEntry src/queue.js
383 silly gunzTarPerm extractEntry src/callbacks.js
384 silly gunzTarPerm extractEntry src/offset.js
385 silly gunzTarPerm extractEntry src/attributes.js
386 silly gunzTarPerm extractEntry src/manipulation.js
387 silly gunzTarPerm extractEntry src/traversing.js
388 silly gunzTarPerm extractEntry src/event.js
389 silly gunzTarPerm extractEntry src/ajax.js
390 silly gunzTarPerm extractEntry src/jquery.js
391 silly gunzTarPerm extractEntry src/data.js
392 silly gunzTarPerm extractEntry src/effects.js
393 silly gunzTarPerm extractEntry src/data/Data.js
394 silly gunzTarPerm extractEntry src/data/var/acceptData.js
395 silly gunzTarPerm extractEntry src/data/var/dataPriv.js
396 silly gunzTarPerm extractEntry docs/welcome/js/jquery.js
397 silly gunzTarPerm extractEntry src/data/var/dataUser.js
398 silly gunzTarPerm extractEntry src/exports/amd.js
399 silly gunzTarPerm extractEntry docs/welcome/js/log.js
400 silly gunzTarPerm extractEntry docs/welcome/js/tether-v0.1.3.js
401 silly gunzTarPerm extractEntry docs/welcome/js/welcome.js
402 silly gunzTarPerm extractEntry docs/welcome/sass/_inline-block.sass
403 silly gunzTarPerm extractEntry docs/welcome/sass/browser-demo.sass
404 silly gunzTarPerm extractEntry docs/welcome/sass/welcome.sass
405 silly gunzTarPerm extractEntry src/exports/global.js
406 silly gunzTarPerm extractEntry src/event/ajax.js
407 silly gunzTarPerm extractEntry src/event/alias.js
408 silly gunzTarPerm extractEntry src/event/focusin.js
409 silly gunzTarPerm extractEntry src/event/support.js
410 silly gunzTarPerm extractEntry src/event/trigger.js
411 silly gunzTarPerm extractEntry examples/out-of-bounds/index.html
412 silly gunzTarPerm extractEntry examples/chosen/chosen.js
413 silly gunzTarPerm extractEntry src/ajax/jsonp.js
414 silly gunzTarPerm extractEntry examples/chosen/chosen-sprite.png
415 silly gunzTarPerm extractEntry examples/chosen/chosen-sprite@2x.png
416 silly gunzTarPerm extractEntry examples/chosen/chosen.css
417 silly gunzTarPerm extractEntry examples/chosen/index.html
418 silly gunzTarPerm extractEntry src/ajax/load.js
419 silly gunzTarPerm extractEntry src/ajax/parseXML.js
420 silly gunzTarPerm extractEntry src/ajax/script.js
421 silly gunzTarPerm extractEntry src/ajax/xhr.js
422 silly gunzTarPerm extractEntry src/ajax/var/location.js
423 silly gunzTarPerm extractEntry src/ajax/var/nonce.js
424 silly gunzTarPerm extractEntry src/ajax/var/rquery.js
425 silly gunzTarPerm extractEntry src/queue/delay.js
426 silly gunzTarPerm extractEntry examples/content-visible/index.html
427 silly gunzTarPerm extractEntry examples/dolls/dolls.js
428 silly gunzTarPerm extractEntry src/effects/Tween.js
429 silly gunzTarPerm extractEntry src/effects/animatedSelector.js
430 silly gunzTarPerm extractEntry examples/dolls/dolls.css
431 silly gunzTarPerm extractEntry examples/dolls/index.html
432 silly gunzTarPerm extractEntry src/deferred/exceptionHook.js
433 silly gunzTarPerm extractEntry src/manipulation/_evalUrl.js
434 silly gunzTarPerm extractEntry src/manipulation/buildFragment.js
435 silly gunzTarPerm extractEntry src/manipulation/getAll.js
436 silly gunzTarPerm extractEntry src/manipulation/setGlobalEval.js
437 silly gunzTarPerm extractEntry examples/element-scroll/index.html
438 silly gunzTarPerm extractEntry examples/enable-disable/index.html
439 silly gunzTarPerm extractEntry src/manipulation/support.js
440 silly gunzTarPerm extractEntry src/manipulation/wrapMap.js
441 silly gunzTarPerm extractEntry src/manipulation/var/rcheckableType.js
442 silly gunzTarPerm extractEntry examples/facebook/facebook.css
443 silly gunzTarPerm extractEntry examples/facebook/index.html
444 silly gunzTarPerm extractEntry examples/common/css/style.css
445 silly gunzTarPerm extractEntry examples/pin/index.html
446 silly gunzTarPerm extractEntry src/manipulation/var/rscriptType.js
447 silly gunzTarPerm extractEntry src/manipulation/var/rtagName.js
448 silly gunzTarPerm extractEntry examples/resources/css/base.css
449 silly gunzTarPerm extractEntry examples/resources/js/jquery.js
450 silly gunzTarPerm extractEntry src/css/addGetHookIf.js
451 silly gunzTarPerm extractEntry src/css/adjustCSS.js
452 silly gunzTarPerm extractEntry src/css/curCSS.js
453 silly gunzTarPerm extractEntry src/css/hiddenVisibleSelectors.js
454 silly gunzTarPerm extractEntry src/css/showHide.js
455 silly gunzTarPerm extractEntry src/css/support.js
456 silly gunzTarPerm extractEntry examples/resources/js/log.js
457 silly gunzTarPerm extractEntry examples/scroll/index.html
458 silly gunzTarPerm extractEntry examples/simple/index.html
459 silly gunzTarPerm extractEntry examples/testbed/index.html
460 silly gunzTarPerm extractEntry examples/tooltip/index.html
461 silly gunzTarPerm extractEntry src/css/var/cssExpand.js
462 silly gunzTarPerm extractEntry src/css/var/getStyles.js
463 silly gunzTarPerm extractEntry src/css/var/isHiddenWithinTree.js
464 silly gunzTarPerm extractEntry src/css/var/rmargin.js
465 silly gunzTarPerm extractEntry examples/viewport/colors.css
466 silly gunzTarPerm extractEntry examples/viewport/index.html
467 silly gunzTarPerm extractEntry src/css/var/rnumnonpx.js
468 silly gunzTarPerm extractEntry src/css/var/swap.js
469 silly gunzTarPerm extractEntry src/core/DOMEval.js
470 silly gunzTarPerm extractEntry src/core/init.js
471 silly gunzTarPerm extractEntry CHANGELOG.md
472 silly gunzTarPerm extractEntry CONTRIBUTING.md
473 silly gunzTarPerm extractEntry src/core/nodeName.js
474 silly gunzTarPerm extractEntry src/core/parseHTML.js
475 silly gunzTarPerm extractEntry src/css/helpers/_tether-theme-arrows.sass
476 silly gunzTarPerm extractEntry src/css/helpers/_tether-theme-basic.sass
477 silly gunzTarPerm extractEntry src/core/access.js
478 silly gunzTarPerm extractEntry src/core/ready.js
479 silly gunzTarPerm extractEntry src/css/helpers/_tether.sass
480 silly gunzTarPerm extractEntry src/css/mixins/_inline-block.sass
481 silly gunzTarPerm extractEntry src/css/mixins/_pie-clearfix.sass
482 silly gunzTarPerm extractEntry src/css/tether-theme-arrows-dark.sass
483 silly gunzTarPerm extractEntry src/css/tether-theme-arrows.sass
484 silly gunzTarPerm extractEntry src/css/tether-theme-basic.sass
485 silly gunzTarPerm extractEntry src/css/tether.sass
486 silly gunzTarPerm extractEntry src/js/abutment.js
487 silly gunzTarPerm extractEntry src/js/constraint.js
488 silly gunzTarPerm extractEntry src/js/markAttachment.js
489 silly gunzTarPerm extractEntry src/js/shift.js
490 silly gunzTarPerm extractEntry src/js/tether.js
491 silly gunzTarPerm extractEntry src/js/utils.js
492 silly gunzTarPerm extractEntry src/core/readyException.js
493 silly gunzTarPerm extractEntry src/core/stripAndCollapse.js
494 silly gunzTarPerm extractEntry src/core/support.js
495 silly gunzTarPerm extractEntry src/core/ready-no-deferred.js
496 silly gunzTarPerm extractEntry src/core/var/rsingleTag.js
497 silly gunzTarPerm extractEntry src/traversing/findFilter.js
498 silly gunzTarPerm extractEntry src/traversing/var/dir.js
499 silly gunzTarPerm extractEntry src/traversing/var/rneedsContext.js
500 silly gunzTarPerm extractEntry src/traversing/var/siblings.js
501 silly gunzTarPerm extractEntry src/attributes/attr.js
502 silly gunzTarPerm extractEntry src/attributes/classes.js
503 silly gunzTarPerm extractEntry src/attributes/prop.js
504 silly gunzTarPerm extractEntry src/attributes/support.js
505 silly gunzTarPerm extractEntry src/attributes/val.js
506 silly gunzTarPerm extractEntry src/var/ObjectFunctionString.js
507 silly gunzTarPerm extractEntry src/var/documentElement.js
508 silly gunzTarPerm extractEntry src/var/fnToString.js
509 silly gunzTarPerm extractEntry src/var/getProto.js
510 silly gunzTarPerm extractEntry src/var/document.js
511 silly gunzTarPerm extractEntry src/var/indexOf.js
512 silly gunzTarPerm extractEntry src/var/pnum.js
513 silly gunzTarPerm extractEntry src/var/push.js
514 silly gunzTarPerm extractEntry src/var/rcssNum.js
515 silly gunzTarPerm extractEntry src/var/rnothtmlwhite.js
516 silly gunzTarPerm extractEntry src/var/concat.js
517 silly gunzTarPerm extractEntry src/var/slice.js
518 silly gunzTarPerm extractEntry src/var/class2type.js
519 silly gunzTarPerm extractEntry src/var/support.js
520 silly gunzTarPerm extractEntry src/var/arr.js
521 silly gunzTarPerm extractEntry src/var/toString.js
522 silly gunzTarPerm extractEntry src/var/hasOwn.js
523 silly gunzTarPerm extractEntry src/.eslintrc.json
524 verbose write writing to /Users/Ali/Desktop/personalwebsite/AlistairHopkins/node_modules/bootstrap/node_modules/tether/package.json
525 info preinstall tether@1.4.0
526 verbose readDependencies loading dependencies from /Users/Ali/Desktop/personalwebsite/AlistairHopkins/node_modules/bootstrap/node_modules/tether/package.json
527 verbose readDependencies loading dependencies from /Users/Ali/Desktop/personalwebsite/AlistairHopkins/node_modules/bootstrap/node_modules/tether/package.json
528 silly install resolved []
529 verbose about to build /Users/Ali/Desktop/personalwebsite/AlistairHopkins/node_modules/bootstrap/node_modules/tether
530 info build /Users/Ali/Desktop/personalwebsite/AlistairHopkins/node_modules/bootstrap/node_modules/tether
531 info linkStuff tether@1.4.0
532 silly linkStuff tether@1.4.0 has /Users/Ali/Desktop/personalwebsite/AlistairHopkins/node_modules/bootstrap/node_modules as its parent node_modules
533 verbose linkBins tether@1.4.0
534 verbose linkMans tether@1.4.0
535 verbose rebuildBundles tether@1.4.0
536 info install tether@1.4.0
537 info postinstall tether@1.4.0
538 verbose unlock done using /Users/Ali/.npm/_locks/tether-935e882a59e00636.lock for /Users/Ali/Desktop/personalwebsite/AlistairHopkins/node_modules/bootstrap/node_modules/tether
539 verbose write writing to /Users/Ali/Desktop/personalwebsite/AlistairHopkins/node_modules/bootstrap/node_modules/jquery/package.json
540 info preinstall jquery@3.2.1
541 verbose readDependencies loading dependencies from /Users/Ali/Desktop/personalwebsite/AlistairHopkins/node_modules/bootstrap/node_modules/jquery/package.json
542 verbose readDependencies loading dependencies from /Users/Ali/Desktop/personalwebsite/AlistairHopkins/node_modules/bootstrap/node_modules/jquery/package.json
543 silly install resolved []
544 verbose about to build /Users/Ali/Desktop/personalwebsite/AlistairHopkins/node_modules/bootstrap/node_modules/jquery
545 info build /Users/Ali/Desktop/personalwebsite/AlistairHopkins/node_modules/bootstrap/node_modules/jquery
546 info linkStuff jquery@3.2.1
547 silly linkStuff jquery@3.2.1 has /Users/Ali/Desktop/personalwebsite/AlistairHopkins/node_modules/bootstrap/node_modules as its parent node_modules
548 verbose linkBins jquery@3.2.1
549 verbose linkMans jquery@3.2.1
550 verbose rebuildBundles jquery@3.2.1
551 info install jquery@3.2.1
552 info postinstall jquery@3.2.1
553 verbose unlock done using /Users/Ali/.npm/_locks/jquery-4736842791b0a001.lock for /Users/Ali/Desktop/personalwebsite/AlistairHopkins/node_modules/bootstrap/node_modules/jquery
554 verbose about to build /Users/Ali/Desktop/personalwebsite/AlistairHopkins/node_modules/bootstrap
555 info build /Users/Ali/Desktop/personalwebsite/AlistairHopkins/node_modules/bootstrap
556 info linkStuff bootstrap@4.0.0-alpha.6
557 silly linkStuff bootstrap@4.0.0-alpha.6 has /Users/Ali/Desktop/personalwebsite/AlistairHopkins/node_modules as its parent node_modules
558 verbose linkBins bootstrap@4.0.0-alpha.6
559 verbose linkMans bootstrap@4.0.0-alpha.6
560 verbose rebuildBundles bootstrap@4.0.0-alpha.6
561 verbose rebuildBundles [ 'jquery', 'tether' ]
562 info install bootstrap@4.0.0-alpha.6
563 info postinstall bootstrap@4.0.0-alpha.6
564 verbose unlock done using /Users/Ali/.npm/_locks/bootstrap-aa73c72949e98894.lock for /Users/Ali/Desktop/personalwebsite/AlistairHopkins/node_modules/bootstrap
565 verbose validateInstall loading /Users/Ali/Desktop/personalwebsite/AlistairHopkins/package.json for validation
566 warn unmet dependency /Users/Ali/Desktop/personalwebsite/AlistairHopkins/node_modules/react-scripts/node_modules/babel-plugin-transform-es2015-unicode-regex requires regexpu-core@'^2.0.0' but will load
566 warn unmet dependency /Users/Ali/Desktop/personalwebsite/AlistairHopkins/node_modules/react-scripts/node_modules/regexpu-core,
566 warn unmet dependency which is version 1.0.0
567 verbose stack Error: The package react@15.3.2 does not satisfy its siblings' peerDependencies requirements!
567 verbose stack     at /usr/local/lib/node_modules/npm/lib/install.js:125:32
567 verbose stack     at /usr/local/lib/node_modules/npm/lib/install.js:268:7
567 verbose stack     at /usr/local/lib/node_modules/npm/node_modules/read-installed/read-installed.js:142:5
567 verbose stack     at /usr/local/lib/node_modules/npm/node_modules/read-installed/read-installed.js:263:14
567 verbose stack     at cb (/usr/local/lib/node_modules/npm/node_modules/slide/lib/async-map.js:47:24)
567 verbose stack     at /usr/local/lib/node_modules/npm/node_modules/read-installed/read-installed.js:263:14
567 verbose stack     at cb (/usr/local/lib/node_modules/npm/node_modules/slide/lib/async-map.js:47:24)
567 verbose stack     at /usr/local/lib/node_modules/npm/node_modules/read-installed/read-installed.js:263:14
567 verbose stack     at cb (/usr/local/lib/node_modules/npm/node_modules/slide/lib/async-map.js:47:24)
567 verbose stack     at /usr/local/lib/node_modules/npm/node_modules/read-installed/read-installed.js:263:14
568 verbose cwd /Users/Ali/Desktop/personalwebsite/AlistairHopkins
569 error Darwin 16.5.0
570 error argv "/usr/local/bin/node" "/usr/local/bin/npm" "install" "bootstrap@4.0.0-alpha.6" "--save"
571 error node v4.5.0
572 error npm  v2.15.9
573 error code EPEERINVALID
574 error peerinvalid The package react@15.3.2 does not satisfy its siblings' peerDependencies requirements!
574 error peerinvalid Peer react-addons-css-transition-group@15.3.2 wants react@^15.3.2
574 error peerinvalid Peer react-dom@15.3.2 wants react@^15.3.2
574 error peerinvalid Peer react-router@4.0.0-alpha.4 wants react@15.x
574 error peerinvalid Peer reactstrap@4.5.0 wants react@^0.14.0 || ^15.0.0
574 error peerinvalid Peer react-addons-transition-group@15.5.2 wants react@^15.4.2
575 verbose exit [ 1, true ]
